# JRE version: Java(TM) SE Runtime Environment (8.0_191-b12) (build 1.8.0_191-b12)
# Java VM: Java HotSpot(TM) 64-Bit Server VM (25.191-b12 mixed mode linux-amd64 compressed oops)
Heap:
 PSYoungGen      total 68608K, used 35098K [0x00000000d6b00000, 0x00000000db300000, 0x0000000100000000)
  eden space 63488K, 55% used [0x00000000d6b00000,0x00000000d8d46948,0x00000000da900000)
  from space 5120K, 0% used [0x00000000dae00000,0x00000000dae00000,0x00000000db300000)
  to   space 5120K, 0% used [0x00000000da900000,0x00000000da900000,0x00000000dae00000)
 ParOldGen       total 65024K, used 8482K [0x0000000084000000, 0x0000000087f80000, 0x00000000d6b00000)
  object space 65024K, 13% used [0x0000000084000000,0x0000000084848988,0x0000000087f80000)
 Metaspace       used 27327K, capacity 27760K, committed 28032K, reserved 1073152K
  class space    used 3307K, capacity 3428K, committed 3456K, reserved 1048576K
GC Heap History (6 events):
Event: 0,670 GC heap before
{Heap before GC invocations=1 (full 0):
 PSYoungGen      total 36864K, used 31744K [0x00000000d6b00000, 0x00000000d9400000, 0x0000000100000000)
  eden space 31744K, 100% used [0x00000000d6b00000,0x00000000d8a00000,0x00000000d8a00000)
  from space 5120K, 0% used [0x00000000d8f00000,0x00000000d8f00000,0x00000000d9400000)
  to   space 5120K, 0% used [0x00000000d8a00000,0x00000000d8a00000,0x00000000d8f00000)
 ParOldGen       total 84992K, used 0K [0x0000000084000000, 0x0000000089300000, 0x00000000d6b00000)
  object space 84992K, 0% used [0x0000000084000000,0x0000000084000000,0x0000000089300000)
 Metaspace       used 17093K, capacity 17326K, committed 17664K, reserved 1064960K
  class space    used 2094K, capacity 2183K, committed 2304K, reserved 1048576K
Event: 0,677 GC heap after
Heap after GC invocations=1 (full 0):
 PSYoungGen      total 36864K, used 5090K [0x00000000d6b00000, 0x00000000db300000, 0x0000000100000000)
  eden space 31744K, 0% used [0x00000000d6b00000,0x00000000d6b00000,0x00000000d8a00000)
  from space 5120K, 99% used [0x00000000d8a00000,0x00000000d8ef8908,0x00000000d8f00000)
  to   space 5120K, 0% used [0x00000000dae00000,0x00000000dae00000,0x00000000db300000)
 ParOldGen       total 84992K, used 3421K [0x0000000084000000, 0x0000000089300000, 0x00000000d6b00000)
  object space 84992K, 4% used [0x0000000084000000,0x0000000084357738,0x0000000089300000)
 Metaspace       used 17093K, capacity 17326K, committed 17664K, reserved 1064960K
  class space    used 2094K, capacity 2183K, committed 2304K, reserved 1048576K
}
Event: 1,876 GC heap before
{Heap before GC invocations=2 (full 0):
 PSYoungGen      total 36864K, used 27308K [0x00000000d6b00000, 0x00000000db300000, 0x0000000100000000)
  eden space 31744K, 69% used [0x00000000d6b00000,0x00000000d80b2850,0x00000000d8a00000)
  from space 5120K, 99% used [0x00000000d8a00000,0x00000000d8ef8908,0x00000000d8f00000)
  to   space 5120K, 0% used [0x00000000dae00000,0x00000000dae00000,0x00000000db300000)
 ParOldGen       total 84992K, used 3421K [0x0000000084000000, 0x0000000089300000, 0x00000000d6b00000)
  object space 84992K, 4% used [0x0000000084000000,0x0000000084357738,0x0000000089300000)
 Metaspace       used 20776K, capacity 21042K, committed 21296K, reserved 1069056K
  class space    used 2553K, capacity 2645K, committed 2688K, reserved 1048576K
Event: 1,889 GC heap after
Heap after GC invocations=2 (full 0):
 PSYoungGen      total 68608K, used 5088K [0x00000000d6b00000, 0x00000000db300000, 0x0000000100000000)
  eden space 63488K, 0% used [0x00000000d6b00000,0x00000000d6b00000,0x00000000da900000)
  from space 5120K, 99% used [0x00000000dae00000,0x00000000db2f8270,0x00000000db300000)
  to   space 5120K, 0% used [0x00000000da900000,0x00000000da900000,0x00000000dae00000)
 ParOldGen       total 84992K, used 6989K [0x0000000084000000, 0x0000000089300000, 0x00000000d6b00000)
  object space 84992K, 8% used [0x0000000084000000,0x00000000846d3780,0x0000000089300000)
 Metaspace       used 20776K, capacity 21042K, committed 21296K, reserved 1069056K
  class space    used 2553K, capacity 2645K, committed 2688K, reserved 1048576K
}
Event: 1,889 GC heap before
{Heap before GC invocations=3 (full 1):
 PSYoungGen      total 68608K, used 5088K [0x00000000d6b00000, 0x00000000db300000, 0x0000000100000000)
  eden space 63488K, 0% used [0x00000000d6b00000,0x00000000d6b00000,0x00000000da900000)
  from space 5120K, 99% used [0x00000000dae00000,0x00000000db2f8270,0x00000000db300000)
  to   space 5120K, 0% used [0x00000000da900000,0x00000000da900000,0x00000000dae00000)
 ParOldGen       total 84992K, used 6989K [0x0000000084000000, 0x0000000089300000, 0x00000000d6b00000)
  object space 84992K, 8% used [0x0000000084000000,0x00000000846d3780,0x0000000089300000)
 Metaspace       used 20776K, capacity 21042K, committed 21296K, reserved 1069056K
  class space    used 2553K, capacity 2645K, committed 2688K, reserved 1048576K
Event: 1,929 GC heap after
Heap after GC invocations=3 (full 1):
 PSYoungGen      total 68608K, used 0K [0x00000000d6b00000, 0x00000000db300000, 0x0000000100000000)
  eden space 63488K, 0% used [0x00000000d6b00000,0x00000000d6b00000,0x00000000da900000)
  from space 5120K, 0% used [0x00000000dae00000,0x00000000dae00000,0x00000000db300000)
  to   space 5120K, 0% used [0x00000000da900000,0x00000000da900000,0x00000000dae00000)
 ParOldGen       total 65024K, used 8482K [0x0000000084000000, 0x0000000087f80000, 0x00000000d6b00000)
  object space 65024K, 13% used [0x0000000084000000,0x0000000084848988,0x0000000087f80000)
 Metaspace       used 20776K, capacity 21042K, committed 21296K, reserved 1069056K
  class space    used 2553K, capacity 2645K, committed 2688K, reserved 1048576K
}

