# JRE version: Java(TM) SE Runtime Environment (8.0_191-b12) (build 1.8.0_191-b12)
# Java VM: Java HotSpot(TM) 64-Bit Server VM (25.191-b12 mixed mode linux-amd64 compressed oops)
Heap:
 PSYoungGen      total 36864K, used 30811K [0x00000000d6b00000, 0x00000000d9400000, 0x0000000100000000)
  eden space 31744K, 97% used [0x00000000d6b00000,0x00000000d8916f08,0x00000000d8a00000)
  from space 5120K, 0% used [0x00000000d8f00000,0x00000000d8f00000,0x00000000d9400000)
  to   space 5120K, 0% used [0x00000000d8a00000,0x00000000d8a00000,0x00000000d8f00000)
 ParOldGen       total 64000K, used 8472K [0x0000000084000000, 0x0000000087e80000, 0x00000000d6b00000)
  object space 64000K, 13% used [0x0000000084000000,0x0000000084846220,0x0000000087e80000)
 Metaspace       used 27035K, capacity 27504K, committed 27776K, reserved 1073152K
  class space    used 3269K, capacity 3428K, committed 3456K, reserved 1048576K
GC Heap History (6 events):
Event: 1,397 GC heap before
{Heap before GC invocations=1 (full 0):
 PSYoungGen      total 36864K, used 31744K [0x00000000d6b00000, 0x00000000d9400000, 0x0000000100000000)
  eden space 31744K, 100% used [0x00000000d6b00000,0x00000000d8a00000,0x00000000d8a00000)
  from space 5120K, 0% used [0x00000000d8f00000,0x00000000d8f00000,0x00000000d9400000)
  to   space 5120K, 0% used [0x00000000d8a00000,0x00000000d8a00000,0x00000000d8f00000)
 ParOldGen       total 84992K, used 0K [0x0000000084000000, 0x0000000089300000, 0x00000000d6b00000)
  object space 84992K, 0% used [0x0000000084000000,0x0000000084000000,0x0000000089300000)
 Metaspace       used 17173K, capacity 17390K, committed 17664K, reserved 1064960K
  class space    used 2094K, capacity 2183K, committed 2304K, reserved 1048576K
Event: 1,404 GC heap after
Heap after GC invocations=1 (full 0):
 PSYoungGen      total 36864K, used 5106K [0x00000000d6b00000, 0x00000000d9400000, 0x0000000100000000)
  eden space 31744K, 0% used [0x00000000d6b00000,0x00000000d6b00000,0x00000000d8a00000)
  from space 5120K, 99% used [0x00000000d8a00000,0x00000000d8efcb38,0x00000000d8f00000)
  to   space 5120K, 0% used [0x00000000d8f00000,0x00000000d8f00000,0x00000000d9400000)
 ParOldGen       total 84992K, used 3438K [0x0000000084000000, 0x0000000089300000, 0x00000000d6b00000)
  object space 84992K, 4% used [0x0000000084000000,0x000000008435ba08,0x0000000089300000)
 Metaspace       used 17173K, capacity 17390K, committed 17664K, reserved 1064960K
  class space    used 2094K, capacity 2183K, committed 2304K, reserved 1048576K
}
Event: 2,571 GC heap before
{Heap before GC invocations=2 (full 0):
 PSYoungGen      total 36864K, used 27134K [0x00000000d6b00000, 0x00000000d9400000, 0x0000000100000000)
  eden space 31744K, 69% used [0x00000000d6b00000,0x00000000d8082d38,0x00000000d8a00000)
  from space 5120K, 99% used [0x00000000d8a00000,0x00000000d8efcb38,0x00000000d8f00000)
  to   space 5120K, 0% used [0x00000000d8f00000,0x00000000d8f00000,0x00000000d9400000)
 ParOldGen       total 84992K, used 3438K [0x0000000084000000, 0x0000000089300000, 0x00000000d6b00000)
  object space 84992K, 4% used [0x0000000084000000,0x000000008435ba08,0x0000000089300000)
 Metaspace       used 20727K, capacity 21042K, committed 21296K, reserved 1069056K
  class space    used 2546K, capacity 2645K, committed 2688K, reserved 1048576K
Event: 2,582 GC heap after
Heap after GC invocations=2 (full 0):
 PSYoungGen      total 36864K, used 5090K [0x00000000d6b00000, 0x00000000d9400000, 0x0000000100000000)
  eden space 31744K, 0% used [0x00000000d6b00000,0x00000000d6b00000,0x00000000d8a00000)
  from space 5120K, 99% used [0x00000000d8f00000,0x00000000d93f8910,0x00000000d9400000)
  to   space 5120K, 0% used [0x00000000d8a00000,0x00000000d8a00000,0x00000000d8f00000)
 ParOldGen       total 84992K, used 6950K [0x0000000084000000, 0x0000000089300000, 0x00000000d6b00000)
  object space 84992K, 8% used [0x0000000084000000,0x00000000846c9b48,0x0000000089300000)
 Metaspace       used 20727K, capacity 21042K, committed 21296K, reserved 1069056K
  class space    used 2546K, capacity 2645K, committed 2688K, reserved 1048576K
}
Event: 2,582 GC heap before
{Heap before GC invocations=3 (full 1):
 PSYoungGen      total 36864K, used 5090K [0x00000000d6b00000, 0x00000000d9400000, 0x0000000100000000)
  eden space 31744K, 0% used [0x00000000d6b00000,0x00000000d6b00000,0x00000000d8a00000)
  from space 5120K, 99% used [0x00000000d8f00000,0x00000000d93f8910,0x00000000d9400000)
  to   space 5120K, 0% used [0x00000000d8a00000,0x00000000d8a00000,0x00000000d8f00000)
 ParOldGen       total 84992K, used 6950K [0x0000000084000000, 0x0000000089300000, 0x00000000d6b00000)
  object space 84992K, 8% used [0x0000000084000000,0x00000000846c9b48,0x0000000089300000)
 Metaspace       used 20727K, capacity 21042K, committed 21296K, reserved 1069056K
  class space    used 2546K, capacity 2645K, committed 2688K, reserved 1048576K
Event: 2,609 GC heap after
Heap after GC invocations=3 (full 1):
 PSYoungGen      total 36864K, used 0K [0x00000000d6b00000, 0x00000000d9400000, 0x0000000100000000)
  eden space 31744K, 0% used [0x00000000d6b00000,0x00000000d6b00000,0x00000000d8a00000)
  from space 5120K, 0% used [0x00000000d8f00000,0x00000000d8f00000,0x00000000d9400000)
  to   space 5120K, 0% used [0x00000000d8a00000,0x00000000d8a00000,0x00000000d8f00000)
 ParOldGen       total 64000K, used 8472K [0x0000000084000000, 0x0000000087e80000, 0x00000000d6b00000)
  object space 64000K, 13% used [0x0000000084000000,0x0000000084846220,0x0000000087e80000)
 Metaspace       used 20727K, capacity 21042K, committed 21296K, reserved 1069056K
  class space    used 2546K, capacity 2645K, committed 2688K, reserved 1048576K
}

